<?xml version="1.0" encoding="UTF-8"?>
<testsuite name="com.esotericsoftware.color.ColorHarmonyTests" tests="4" skipped="0" failures="0" errors="0" timestamp="2025-09-29T14:37:11.055Z" hostname="CA-88-BD-20-80-3C.tenants.dhcp.l26.se" time="0.002">
  <properties/>
  <testcase name="testTriadic()" classname="com.esotericsoftware.color.ColorHarmonyTests" time="0.001"/>
  <testcase name="testAnalogous()" classname="com.esotericsoftware.color.ColorHarmonyTests" time="0.0"/>
  <testcase name="testComplementary()" classname="com.esotericsoftware.color.ColorHarmonyTests" time="0.001"/>
  <testcase name="testSplitComplementary()" classname="com.esotericsoftware.color.ColorHarmonyTests" time="0.0"/>
  <system-out><![CDATA[]]></system-out>
  <system-err><![CDATA[]]></system-err>
</testsuite>
