<?xml version="1.0" encoding="UTF-8"?>
<testsuite name="com.esotericsoftware.color.LumaChromaTests" tests="6" skipped="0" failures="0" errors="0" timestamp="2025-09-29T14:37:11.108Z" hostname="CA-88-BD-20-80-3C.tenants.dhcp.l26.se" time="0.101">
  <properties/>
  <testcase name="testYCC()" classname="com.esotericsoftware.color.LumaChromaTests" time="0.021"/>
  <testcase name="testYES()" classname="com.esotericsoftware.color.LumaChromaTests" time="0.021"/>
  <testcase name="testYIQ()" classname="com.esotericsoftware.color.LumaChromaTests" time="0.02"/>
  <testcase name="testYUV()" classname="com.esotericsoftware.color.LumaChromaTests" time="0.019"/>
  <testcase name="testYCbCr()" classname="com.esotericsoftware.color.LumaChromaTests" time="0.0"/>
  <testcase name="testYCoCg()" classname="com.esotericsoftware.color.LumaChromaTests" time="0.018"/>
  <system-out><![CDATA[]]></system-out>
  <system-err><![CDATA[]]></system-err>
</testsuite>
