<?xml version="1.0" encoding="UTF-8"?>
<testsuite name="com.esotericsoftware.color.ColorsTest" tests="32" skipped="0" failures="0" errors="0" timestamp="2025-09-29T14:37:11.076Z" hostname="CA-88-BD-20-80-3C.tenants.dhcp.l26.se" time="0.013">
  <properties/>
  <testcase name="testInterpolation()" classname="com.esotericsoftware.color.ColorsTest" time="0.0"/>
  <testcase name="testUV1976Conversions()" classname="com.esotericsoftware.color.ColorsTest" time="0.001"/>
  <testcase name="testChromaticAdaptation()" classname="com.esotericsoftware.color.ColorsTest" time="0.0"/>
  <testcase name="testGammaFunctions()" classname="com.esotericsoftware.color.ColorsTest" time="0.0"/>
  <testcase name="testOtherMethods()" classname="com.esotericsoftware.color.ColorsTest" time="0.001"/>
  <testcase name="ITPTest()" classname="com.esotericsoftware.color.ColorsTest" time="0.0"/>
  <testcase name="testLCh()" classname="com.esotericsoftware.color.ColorsTest" time="0.0"/>
  <testcase name="testLMS()" classname="com.esotericsoftware.color.ColorsTest" time="0.0"/>
  <testcase name="testTSL()" classname="com.esotericsoftware.color.ColorsTest" time="0.0"/>
  <testcase name="ACESTest()" classname="com.esotericsoftware.color.ColorsTest" time="0.001"/>
  <testcase name="testCIE1960Conversions()" classname="com.esotericsoftware.color.ColorsTest" time="0.0"/>
  <testcase name="testHueWraparound()" classname="com.esotericsoftware.color.ColorsTest" time="0.0"/>
  <testcase name="testUtilMethods()" classname="com.esotericsoftware.color.ColorsTest" time="0.0"/>
  <testcase name="testCIEDE2000()" classname="com.esotericsoftware.color.ColorsTest" time="0.0"/>
  <testcase name="testMatrixMultiply()" classname="com.esotericsoftware.color.ColorsTest" time="0.0"/>
  <testcase name="testMoreColorSpaces()" classname="com.esotericsoftware.color.ColorsTest" time="0.001"/>
  <testcase name="testYCbCrAllColorSpaces()" classname="com.esotericsoftware.color.ColorsTest" time="0.0"/>
  <testcase name="testNumericalStability()" classname="com.esotericsoftware.color.ColorsTest" time="0.0"/>
  <testcase name="testOtherColorSpaces()" classname="com.esotericsoftware.color.ColorsTest" time="0.001"/>
  <testcase name="testEdgeCases()" classname="com.esotericsoftware.color.ColorsTest" time="0.0"/>
  <testcase name="testOklabXYZConversions()" classname="com.esotericsoftware.color.ColorsTest" time="0.0"/>
  <testcase name="testAllRoundTrips()" classname="com.esotericsoftware.color.ColorsTest" time="0.004"/>
  <testcase name="testHexConversions()" classname="com.esotericsoftware.color.ColorsTest" time="0.0"/>
  <testcase name="testSpecialConversions()" classname="com.esotericsoftware.color.ColorsTest" time="0.001"/>
  <testcase name="testLabLCh()" classname="com.esotericsoftware.color.ColorsTest" time="0.0"/>
  <testcase name="testLMSConversions()" classname="com.esotericsoftware.color.ColorsTest" time="0.0"/>
  <testcase name="testHunterLab()" classname="com.esotericsoftware.color.ColorsTest" time="0.0"/>
  <testcase name="testGamutBoundaries()" classname="com.esotericsoftware.color.ColorsTest" time="0.0"/>
  <testcase name="testXYZxyY()" classname="com.esotericsoftware.color.ColorsTest" time="0.0"/>
  <testcase name="testDMXConversions()" classname="com.esotericsoftware.color.ColorsTest" time="0.0"/>
  <testcase name="testExtremeLabValues()" classname="com.esotericsoftware.color.ColorsTest" time="0.0"/>
  <testcase name="testSpecialMatrices()" classname="com.esotericsoftware.color.ColorsTest" time="0.0"/>
  <system-out><![CDATA[]]></system-out>
  <system-err><![CDATA[]]></system-err>
</testsuite>
