<?xml version="1.0" encoding="UTF-8"?>
<testsuite name="com.esotericsoftware.color.RGBTests" tests="16" skipped="0" failures="0" errors="0" timestamp="2025-09-29T14:37:11.216Z" hostname="CA-88-BD-20-80-3C.tenants.dhcp.l26.se" time="0.012">
  <properties/>
  <testcase name="testHSI()" classname="com.esotericsoftware.color.RGBTests" time="0.001"/>
  <testcase name="testHSL()" classname="com.esotericsoftware.color.RGBTests" time="0.0"/>
  <testcase name="testHSV()" classname="com.esotericsoftware.color.RGBTests" time="0.004"/>
  <testcase name="testIHS()" classname="com.esotericsoftware.color.RGBTests" time="0.0"/>
  <testcase name="testLCh()" classname="com.esotericsoftware.color.RGBTests" time="0.001"/>
  <testcase name="testLMS()" classname="com.esotericsoftware.color.RGBTests" time="0.0"/>
  <testcase name="testLab()" classname="com.esotericsoftware.color.RGBTests" time="0.002"/>
  <testcase name="testLuv()" classname="com.esotericsoftware.color.RGBTests" time="0.0"/>
  <testcase name="testTSL()" classname="com.esotericsoftware.color.RGBTests" time="0.001"/>
  <testcase name="testXYZ()" classname="com.esotericsoftware.color.RGBTests" time="0.0"/>
  <testcase name="testHSLuv()" classname="com.esotericsoftware.color.RGBTests" time="0.0"/>
  <testcase name="testRGBWW()" classname="com.esotericsoftware.color.RGBTests" time="0.0"/>
  <testcase name="testCMYK()" classname="com.esotericsoftware.color.RGBTests" time="0.002"/>
  <testcase name="testLRGB()" classname="com.esotericsoftware.color.RGBTests" time="0.0"/>
  <testcase name="testRGBW()" classname="com.esotericsoftware.color.RGBTests" time="0.001"/>
  <testcase name="testHunterLab()" classname="com.esotericsoftware.color.RGBTests" time="0.0"/>
  <system-out><![CDATA[]]></system-out>
  <system-err><![CDATA[]]></system-err>
</testsuite>
