<?xml version="1.0" encoding="UTF-8"?>
<testsuite name="com.esotericsoftware.color.CAMUCSTests" tests="9" skipped="0" failures="0" errors="0" timestamp="2025-09-29T14:37:08.518Z" hostname="CA-88-BD-20-80-3C.tenants.dhcp.l26.se" time="0.002">
  <properties/>
  <testcase name="testCAM16LCDOperations()" classname="com.esotericsoftware.color.CAMUCSTests" time="0.0"/>
  <testcase name="testCAM16UCSOperations()" classname="com.esotericsoftware.color.CAMUCSTests" time="0.0"/>
  <testcase name="testCAM02LCDOperations()" classname="com.esotericsoftware.color.CAMUCSTests" time="0.0"/>
  <testcase name="testCAM02UCSOperations()" classname="com.esotericsoftware.color.CAMUCSTests" time="0.0"/>
  <testcase name="testUCSGrayAxis()" classname="com.esotericsoftware.color.CAMUCSTests" time="0.0"/>
  <testcase name="testCAM16SCDOperations()" classname="com.esotericsoftware.color.CAMUCSTests" time="0.001"/>
  <testcase name="testUCSDeltaEProperties()" classname="com.esotericsoftware.color.CAMUCSTests" time="0.0"/>
  <testcase name="testCAM02SCDOperations()" classname="com.esotericsoftware.color.CAMUCSTests" time="0.0"/>
  <testcase name="testCAM02vsCAM16UCSConsistency()" classname="com.esotericsoftware.color.CAMUCSTests" time="0.0"/>
  <system-out><![CDATA[]]></system-out>
  <system-err><![CDATA[]]></system-err>
</testsuite>
