<?xml version="1.0" encoding="UTF-8"?>
<testsuite name="com.esotericsoftware.color.GamutTests" tests="10" skipped="0" failures="0" errors="0" timestamp="2025-09-29T14:37:11.092Z" hostname="CA-88-BD-20-80-3C.tenants.dhcp.l26.se" time="0.002">
  <properties/>
  <testcase name="testPolygonGamutValidation()" classname="com.esotericsoftware.color.GamutTests" time="0.0"/>
  <testcase name="testPolygonGamut()" classname="com.esotericsoftware.color.GamutTests" time="0.001"/>
  <testcase name="testRoundTripConversion()" classname="com.esotericsoftware.color.GamutTests" time="0.0"/>
  <testcase name="testDifferentGamuts()" classname="com.esotericsoftware.color.GamutTests" time="0.0"/>
  <testcase name="testOutOfGamutHandling()" classname="com.esotericsoftware.color.GamutTests" time="0.0"/>
  <testcase name="testXYToRGBConversion()" classname="com.esotericsoftware.color.GamutTests" time="0.0"/>
  <testcase name="testRGBToXYConversion()" classname="com.esotericsoftware.color.GamutTests" time="0.001"/>
  <testcase name="testGamutPrimaries()" classname="com.esotericsoftware.color.GamutTests" time="0.0"/>
  <testcase name="testGamutNearest()" classname="com.esotericsoftware.color.GamutTests" time="0.0"/>
  <testcase name="testGamutContains()" classname="com.esotericsoftware.color.GamutTests" time="0.0"/>
  <system-out><![CDATA[]]></system-out>
  <system-err><![CDATA[]]></system-err>
</testsuite>
