<?xml version="1.0" encoding="UTF-8"?>
<testsuite name="com.esotericsoftware.color.HCTTests" tests="5" skipped="0" failures="0" errors="0" timestamp="2025-09-29T14:37:11.096Z" hostname="CA-88-BD-20-80-3C.tenants.dhcp.l26.se" time="0.006">
  <properties/>
  <testcase name="testHCT()" classname="com.esotericsoftware.color.HCTTests" time="0.0"/>
  <testcase name="roundTrip()" classname="com.esotericsoftware.color.HCTTests" time="0.001"/>
  <testcase name="testGamutMapping()" classname="com.esotericsoftware.color.HCTTests" time="0.0"/>
  <testcase name="testEdgeCases()" classname="com.esotericsoftware.color.HCTTests" time="0.001"/>
  <testcase name="testHTCSystematic()" classname="com.esotericsoftware.color.HCTTests" time="0.004"/>
  <system-out><![CDATA[]]></system-out>
  <system-err><![CDATA[]]></system-err>
</testsuite>
