<?xml version="1.0" encoding="UTF-8"?>
<testsuite name="com.esotericsoftware.color.RGTests" tests="4" skipped="0" failures="0" errors="0" timestamp="2025-09-29T14:37:11.232Z" hostname="CA-88-BD-20-80-3C.tenants.dhcp.l26.se" time="0.0">
  <properties/>
  <testcase name="testToRGB()" classname="com.esotericsoftware.color.RGTests" time="0.0"/>
  <testcase name="testFromRGB()" classname="com.esotericsoftware.color.RGTests" time="0.0"/>
  <testcase name="testSaturationAndHue()" classname="com.esotericsoftware.color.RGTests" time="0.0"/>
  <testcase name="testRoundTrip()" classname="com.esotericsoftware.color.RGTests" time="0.0"/>
  <system-out><![CDATA[]]></system-out>
  <system-err><![CDATA[]]></system-err>
</testsuite>
