<?xml version="1.0" encoding="UTF-8"?>
<testsuite name="com.esotericsoftware.color.CCTTests" tests="7" skipped="0" failures="0" errors="0" timestamp="2025-09-29T14:37:08.525Z" hostname="CA-88-BD-20-80-3C.tenants.dhcp.l26.se" time="2.522">
  <properties/>
  <testcase name="testDuv()" classname="com.esotericsoftware.color.CCTTests" time="0.001"/>
  <testcase name="testDuvSigns()" classname="com.esotericsoftware.color.CCTTests" time="0.0"/>
  <testcase name="testXYZErrorWithDuv()" classname="com.esotericsoftware.color.CCTTests" time="2.074"/>
  <testcase name="testXYZError0Duv()" classname="com.esotericsoftware.color.CCTTests" time="0.441"/>
  <testcase name="testCCTConversions()" classname="com.esotericsoftware.color.CCTTests" time="0.005"/>
  <testcase name="testCCTToOklab()" classname="com.esotericsoftware.color.CCTTests" time="0.0"/>
  <testcase name="testMacAdamSteps()" classname="com.esotericsoftware.color.CCTTests" time="0.001"/>
  <system-out><![CDATA[]]></system-out>
  <system-err><![CDATA[]]></system-err>
</testsuite>
