<?xml version="1.0" encoding="UTF-8"?>
<testsuite name="com.esotericsoftware.color.HSLuvTests" tests="5" skipped="0" failures="0" errors="0" timestamp="2025-09-29T14:37:11.104Z" hostname="CA-88-BD-20-80-3C.tenants.dhcp.l26.se" time="0.002">
  <properties/>
  <testcase name="testHSLuvReferenceValues()" classname="com.esotericsoftware.color.HSLuvTests" time="0.001"/>
  <testcase name="testHSLuvFromValues()" classname="com.esotericsoftware.color.HSLuvTests" time="0.0"/>
  <testcase name="testHSLuvRoundtrip()" classname="com.esotericsoftware.color.HSLuvTests" time="0.0"/>
  <testcase name="testHSLuvEdgeCases()" classname="com.esotericsoftware.color.HSLuvTests" time="0.0"/>
  <testcase name="testHSLuvSaturationRange()" classname="com.esotericsoftware.color.HSLuvTests" time="0.001"/>
  <system-out><![CDATA[]]></system-out>
  <system-err><![CDATA[]]></system-err>
</testsuite>
