<?xml version="1.0" encoding="UTF-8"?>
<testsuite name="com.esotericsoftware.color.CAM16Tests" tests="15" skipped="0" failures="0" errors="0" timestamp="2025-09-29T14:37:08.511Z" hostname="CA-88-BD-20-80-3C.tenants.dhcp.l26.se" time="0.007">
  <properties/>
  <testcase name="testCAM16toUCS()" classname="com.esotericsoftware.color.CAM16Tests" time="0.0"/>
  <testcase name="testUCStoCAM16Roundtrip()" classname="com.esotericsoftware.color.CAM16Tests" time="0.0"/>
  <testcase name="testCAM16vsCAM02()" classname="com.esotericsoftware.color.CAM16Tests" time="0.0"/>
  <testcase name="testCAM16toXYZRoundtrip()" classname="com.esotericsoftware.color.CAM16Tests" time="0.0"/>
  <testcase name="testCAM16UCSDeltaE()" classname="com.esotericsoftware.color.CAM16Tests" time="0.0"/>
  <testcase name="testCAM16ViewingConditions()" classname="com.esotericsoftware.color.CAM16Tests" time="0.001"/>
  <testcase name="testCAM16AdditionalEdgeCases()" classname="com.esotericsoftware.color.CAM16Tests" time="0.0"/>
  <testcase name="testCAM16Hues()" classname="com.esotericsoftware.color.CAM16Tests" time="0.0"/>
  <testcase name="testCAM16Lerp()" classname="com.esotericsoftware.color.CAM16Tests" time="0.001"/>
  <testcase name="testXYZtoCAM16()" classname="com.esotericsoftware.color.CAM16Tests" time="0.0"/>
  <testcase name="testCAM16BasicConversion()" classname="com.esotericsoftware.color.CAM16Tests" time="0.001"/>
  <testcase name="testCAM16UCSConversion()" classname="com.esotericsoftware.color.CAM16Tests" time="0.001"/>
  <testcase name="testCAM16DifferentSurrounds()" classname="com.esotericsoftware.color.CAM16Tests" time="0.0"/>
  <testcase name="testCAM16GrayColors()" classname="com.esotericsoftware.color.CAM16Tests" time="0.0"/>
  <testcase name="testCAM16EdgeCases()" classname="com.esotericsoftware.color.CAM16Tests" time="0.001"/>
  <system-out><![CDATA[]]></system-out>
  <system-err><![CDATA[]]></system-err>
</testsuite>
