<?xml version="1.0" encoding="UTF-8"?>
<testsuite name="com.esotericsoftware.color.CRITests" tests="6" skipped="0" failures="0" errors="0" timestamp="2025-09-29T14:37:11.049Z" hostname="CA-88-BD-20-80-3C.tenants.dhcp.l26.se" time="0.004">
  <properties/>
  <testcase name="testDaylight()" classname="com.esotericsoftware.color.CRITests" time="0.002"/>
  <testcase name="testNarrowbandSpectrum()" classname="com.esotericsoftware.color.CRITests" time="0.001"/>
  <testcase name="testPlanckianRadiator()" classname="com.esotericsoftware.color.CRITests" time="0.0"/>
  <testcase name="testMonochromaticLight()" classname="com.esotericsoftware.color.CRITests" time="0.0"/>
  <testcase name="testSpectrumLength()" classname="com.esotericsoftware.color.CRITests" time="0.001"/>
  <testcase name="testRanges()" classname="com.esotericsoftware.color.CRITests" time="0.0"/>
  <system-out><![CDATA[]]></system-out>
  <system-err><![CDATA[]]></system-err>
</testsuite>
