<?xml version="1.0" encoding="UTF-8"?>
<testsuite name="com.esotericsoftware.color.ColorSpaceTests" tests="5" skipped="0" failures="0" errors="0" timestamp="2025-09-29T14:37:11.059Z" hostname="CA-88-BD-20-80-3C.tenants.dhcp.l26.se" time="0.015">
  <properties/>
  <testcase name="testPerceptualUniformity()" classname="com.esotericsoftware.color.ColorSpaceTests" time="0.002"/>
  <testcase name="testGrayAxisConsistency()" classname="com.esotericsoftware.color.ColorSpaceTests" time="0.001"/>
  <testcase name="testHuePreservation()" classname="com.esotericsoftware.color.ColorSpaceTests" time="0.005"/>
  <testcase name="testColorSpaceBoundaries()" classname="com.esotericsoftware.color.ColorSpaceTests" time="0.005"/>
  <testcase name="testSystematicRGBtoLabConversions()" classname="com.esotericsoftware.color.ColorSpaceTests" time="0.002"/>
  <system-out><![CDATA[]]></system-out>
  <system-err><![CDATA[]]></system-err>
</testsuite>
